-------------------------------------------------------------------------------
Test set: hu.bme.mit.spaceship.GT4500Test
-------------------------------------------------------------------------------
Tests run: 2, Failures: 1, Errors: 0, Skipped: 0, Time elapsed: 0.014 s <<< FAILURE! - in hu.bme.mit.spaceship.GT4500Test
fireTorpedo_All_Success  Time elapsed: 0.003 s  <<< FAILURE!
org.opentest4j.AssertionFailedError: expected: <true> but was: <false>
	at hu.bme.mit.spaceship.GT4500Test.fireTorpedo_All_Success(GT4500Test.java:37)

